\BOOKMARK [0][-]{section*.1}{\376\377\000D\000e\000c\000l\000a\000r\000a\000t\000i\000o\000n\000\040\000o\000f\000\040\000A\000u\000t\000h\000o\000r\000s\000h\000i\000p}{}% 1
\BOOKMARK [0][-]{section*.2}{\376\377\000A\000b\000s\000t\000r\000a\000c\000t}{}% 2
\BOOKMARK [0][-]{section*.3}{\376\377\000A\000c\000k\000n\000o\000w\000l\000e\000d\000g\000e\000m\000e\000n\000t\000s}{}% 3
\BOOKMARK [0][-]{chapter.14}{\376\377\000C\000h\000a\000p\000t\000e\000r\000\040\000T\000i\000t\000l\000e\000\040\000H\000e\000r\000e}{}% 4
\BOOKMARK [1][-]{section.15}{\376\377\000W\000e\000l\000c\000o\000m\000e\000\040\000a\000n\000d\000\040\000T\000h\000a\000n\000k\000\040\000Y\000o\000u}{chapter.14}% 5
\BOOKMARK [1][-]{section.16}{\376\377\000L\000e\000a\000r\000n\000i\000n\000g\000\040\000L\000a\000T\000e\000X}{chapter.14}% 6
\BOOKMARK [2][-]{subsection.17}{\376\377\000A\000\040\000\050\000n\000o\000t\000\040\000s\000o\000\040\000s\000h\000o\000r\000t\000\051\000\040\000I\000n\000t\000r\000o\000d\000u\000c\000t\000i\000o\000n\000\040\000t\000o\000\040\000L\000a\000T\000e\000X}{section.16}% 7
\BOOKMARK [2][-]{subsection.18}{\376\377\000A\000\040\000S\000h\000o\000r\000t\000\040\000M\000a\000t\000h\000\040\000G\000u\000i\000d\000e\000\040\000f\000o\000r\000\040\000L\000a\000T\000e\000X}{section.16}% 8
\BOOKMARK [2][-]{subsection.19}{\376\377\000C\000o\000m\000m\000o\000n\000\040\000L\000a\000T\000e\000X\000\040\000M\000a\000t\000h\000\040\000S\000y\000m\000b\000o\000l\000s}{section.16}% 9
\BOOKMARK [2][-]{subsection.20}{\376\377\000L\000a\000T\000e\000X\000\040\000o\000n\000\040\000a\000\040\000M\000a\000c}{section.16}% 10
\BOOKMARK [1][-]{section.21}{\376\377\000G\000e\000t\000t\000i\000n\000g\000\040\000S\000t\000a\000r\000t\000e\000d\000\040\000w\000i\000t\000h\000\040\000t\000h\000i\000s\000\040\000T\000e\000m\000p\000l\000a\000t\000e}{chapter.14}% 11
\BOOKMARK [2][-]{subsection.22}{\376\377\000A\000b\000o\000u\000t\000\040\000t\000h\000i\000s\000\040\000T\000e\000m\000p\000l\000a\000t\000e}{section.21}% 12
\BOOKMARK [1][-]{section.23}{\376\377\000W\000h\000a\000t\000\040\000t\000h\000i\000s\000\040\000T\000e\000m\000p\000l\000a\000t\000e\000\040\000I\000n\000c\000l\000u\000d\000e\000s}{chapter.14}% 13
\BOOKMARK [2][-]{subsection.24}{\376\377\000F\000o\000l\000d\000e\000r\000s}{section.23}% 14
\BOOKMARK [2][-]{subsection.25}{\376\377\000F\000i\000l\000e\000s}{section.23}% 15
\BOOKMARK [1][-]{section.26}{\376\377\000F\000i\000l\000l\000i\000n\000g\000\040\000i\000n\000\040\000Y\000o\000u\000r\000\040\000I\000n\000f\000o\000r\000m\000a\000t\000i\000o\000n\000\040\000i\000n\000\040\000t\000h\000e\000\040\000m\000a\000i\000n\000.\000t\000e\000x\000\040\000F\000i\000l\000e}{chapter.14}% 16
\BOOKMARK [1][-]{section.27}{\376\377\000T\000h\000e\000\040\000m\000a\000i\000n\000.\000t\000e\000x\000\040\000F\000i\000l\000e\000\040\000E\000x\000p\000l\000a\000i\000n\000e\000d}{chapter.14}% 17
\BOOKMARK [1][-]{section.28}{\376\377\000T\000h\000e\000s\000i\000s\000\040\000F\000e\000a\000t\000u\000r\000e\000s\000\040\000a\000n\000d\000\040\000C\000o\000n\000v\000e\000n\000t\000i\000o\000n\000s}{chapter.14}% 18
\BOOKMARK [2][-]{subsection.29}{\376\377\000P\000r\000i\000n\000t\000i\000n\000g\000\040\000F\000o\000r\000m\000a\000t}{section.28}% 19
\BOOKMARK [2][-]{subsection.30}{\376\377\000U\000s\000i\000n\000g\000\040\000U\000S\000\040\000L\000e\000t\000t\000e\000r\000\040\000P\000a\000p\000e\000r}{section.28}% 20
\BOOKMARK [2][-]{subsection.31}{\376\377\000R\000e\000f\000e\000r\000e\000n\000c\000e\000s}{section.28}% 21
\BOOKMARK [3][-]{section*.33}{\376\377\000A\000\040\000N\000o\000t\000e\000\040\000o\000n\000\040\000b\000i\000b\000t\000e\000x}{subsection.31}% 22
\BOOKMARK [2][-]{subsection.34}{\376\377\000T\000a\000b\000l\000e\000s}{section.28}% 23
\BOOKMARK [2][-]{subsection.36}{\376\377\000F\000i\000g\000u\000r\000e\000s}{section.28}% 24
\BOOKMARK [2][-]{subsection.38}{\376\377\000T\000y\000p\000e\000s\000e\000t\000t\000i\000n\000g\000\040\000m\000a\000t\000h\000e\000m\000a\000t\000i\000c\000s}{section.28}% 25
\BOOKMARK [1][-]{section.40}{\376\377\000S\000e\000c\000t\000i\000o\000n\000i\000n\000g\000\040\000a\000n\000d\000\040\000S\000u\000b\000s\000e\000c\000t\000i\000o\000n\000i\000n\000g}{chapter.14}% 26
\BOOKMARK [1][-]{section.41}{\376\377\000I\000n\000\040\000C\000l\000o\000s\000i\000n\000g}{chapter.14}% 27
\BOOKMARK [0][-]{chapter.42}{\376\377\000I\000n\000t\000r\000o\000d\000u\000c\000t\000i\000o\000n}{}% 28
\BOOKMARK [1][-]{section.43}{\376\377\000C\000r\000e\000a\000t\000i\000v\000e\000\040\000I\000n\000t\000r\000o\000d\000u\000c\000t\000i\000o\000n}{chapter.42}% 29
\BOOKMARK [0][-]{chapter.44}{\376\377\000L\000i\000t\000e\000r\000a\000t\000u\000r\000e\000\040\000R\000e\000v\000i\000e\000w}{}% 30
\BOOKMARK [1][-]{section.45}{\376\377\000U\000n\000m\000a\000n\000n\000e\000d\000\040\000A\000e\000r\000i\000a\000l\000\040\000V\000e\000h\000i\000c\000l\000e\000s}{chapter.44}% 31
\BOOKMARK [2][-]{subsection.46}{\376\377\000C\000l\000a\000s\000s\000i\000f\000i\000c\000a\000t\000i\000o\000n\000\040\000b\000y\000\040\000A\000i\000r\000f\000r\000a\000m\000e\000\040\000T\000y\000p\000e}{section.45}% 32
\BOOKMARK [2][-]{subsection.50}{\376\377\000D\000y\000n\000a\000m\000i\000c\000s\000\040\000a\000n\000d\000\040\000C\000o\000n\000t\000r\000o\000l}{section.45}% 33
\BOOKMARK [2][-]{subsection.51}{\376\377\000A\000u\000t\000o\000n\000o\000m\000o\000u\000s\000\040\000F\000l\000i\000g\000h\000t}{section.45}% 34
\BOOKMARK [1][-]{section.52}{\376\377\000N\000a\000v\000i\000g\000a\000t\000i\000o\000n\000\040\000o\000f\000\040\000a\000n\000\040\000A\000u\000t\000o\000n\000o\000m\000o\000u\000s\000\040\000Q\000u\000a\000d\000c\000o\000p\000t\000e\000r}{chapter.44}% 35
\BOOKMARK [2][-]{subsection.53}{\376\377\000L\000o\000w\000-\000l\000e\000v\000e\000l\000\040\000c\000o\000n\000t\000r\000o\000l\000\040\000b\000y\000\040\000A\000u\000t\000o\000p\000i\000l\000o\000t}{section.52}% 36
\BOOKMARK [2][-]{subsection.54}{\376\377\000H\000i\000g\000h\000-\000l\000e\000v\000e\000l\000\040\000c\000o\000n\000t\000r\000o\000l}{section.52}% 37
\BOOKMARK [1][-]{section.56}{\376\377\000C\000i\000v\000i\000l\000\040\000A\000p\000p\000l\000i\000c\000a\000t\000i\000o\000n\000s\000\040\000o\000f\000\040\000M\000u\000l\000t\000i\000c\000o\000p\000t\000e\000r\000s}{chapter.44}% 38
\BOOKMARK [2][-]{subsection.57}{\376\377\000P\000e\000o\000p\000l\000e\000\040\000T\000r\000a\000n\000s\000p\000o\000r\000t}{section.56}% 39
\BOOKMARK [2][-]{subsection.58}{\376\377\000F\000r\000e\000i\000g\000h\000t\000\040\000T\000r\000a\000f\000f\000i\000c}{section.56}% 40
\BOOKMARK [2][-]{subsection.59}{\376\377\000A\000g\000r\000i\000c\000u\000l\000t\000u\000r\000e}{section.56}% 41
\BOOKMARK [2][-]{subsection.60}{\376\377\000H\000e\000a\000l\000t\000h\000c\000a\000r\000e}{section.56}% 42
\BOOKMARK [2][-]{subsection.61}{\376\377\000E\000n\000v\000i\000r\000o\000n\000m\000e\000n\000t\000a\000l\000\040\000P\000r\000o\000t\000e\000c\000t\000i\000o\000n}{section.56}% 43
\BOOKMARK [2][-]{subsection.62}{\376\377\000D\000e\000l\000i\000v\000e\000r\000y\000\040\000s\000e\000r\000v\000i\000c\000e}{section.56}% 44
\BOOKMARK [2][-]{subsection.68}{\376\377\000C\000u\000r\000r\000e\000n\000t\000\040\000D\000e\000v\000e\000l\000o\000p\000m\000e\000n\000t}{section.56}% 45
\BOOKMARK [2][-]{subsection.69}{\376\377\000E\000n\000t\000e\000r\000t\000a\000i\000n\000m\000e\000n\000t}{section.56}% 46
\BOOKMARK [2][-]{subsection.70}{\376\377\000P\000o\000w\000e\000r\000\040\000a\000n\000d\000\040\000U\000t\000i\000l\000i\000t\000i\000e\000s\000\040\000I\000n\000d\000u\000s\000t\000r\000y}{section.56}% 47
\BOOKMARK [2][-]{subsection.71}{\376\377\000P\000a\000s\000s\000e\000n\000g\000e\000r\000\040\000T\000r\000a\000n\000s\000p\000o\000r\000t}{section.56}% 48
\BOOKMARK [2][-]{subsection.72}{\376\377\000C\000e\000l\000l\000u\000l\000a\000r\000\040\000C\000o\000n\000n\000e\000c\000t\000i\000v\000i\000t\000y}{section.56}% 49
\BOOKMARK [2][-]{subsection.73}{\376\377\000C\000i\000v\000i\000l\000\040\000E\000n\000g\000i\000n\000e\000e\000r\000i\000n\000g}{section.56}% 50
\BOOKMARK [1][-]{section.74}{\376\377\000A\000u\000t\000o\000n\000o\000m\000o\000u\000s\000\040\000F\000l\000i\000g\000h\000t\000\040\000o\000f\000\040\000s\000m\000a\000l\000l\000\040\000q\000u\000a\000d\000c\000o\000p\000t\000e\000r\000\040\000U\000A\000V\000s}{chapter.44}% 51
\BOOKMARK [2][-]{subsection.77}{\376\377\000A\000r\000c\000h\000i\000t\000e\000c\000t\000u\000r\000e\000\040\000o\000f\000\040\000A\000u\000t\000o\000n\000o\000m\000o\000u\000s\000\040\000S\000y\000s\000t\000e\000m\000s\000\040\000f\000o\000r\000\040\000U\000A\000V\000s}{section.74}% 52
\BOOKMARK [2][-]{subsection.82}{\376\377\000T\000r\000a\000d\000i\000t\000i\000o\000n\000a\000l\000\040\000A\000p\000p\000r\000o\000a\000c\000h\000e\000s}{section.74}% 53
\BOOKMARK [2][-]{subsection.83}{\376\377\000N\000e\000w\000l\000y\000\040\000D\000e\000v\000e\000l\000o\000p\000e\000d}{section.74}% 54
\BOOKMARK [0][-]{chapter.84}{\376\377\000R\000e\000s\000e\000a\000r\000c\000h\000\040\000O\000b\000j\000e\000c\000t\000i\000v\000e}{}% 55
\BOOKMARK [1][-]{section.85}{\376\377\000A\000n\000t\000i\000c\000i\000p\000a\000t\000e\000d\000\040\000C\000o\000n\000t\000r\000i\000b\000u\000t\000i\000o\000n}{chapter.84}% 56
\BOOKMARK [2][-]{subsection.86}{\376\377\000S\000u\000b\000s\000e\000c\000t\000i\000o\000n\000\040\0001}{section.85}% 57
\BOOKMARK [2][-]{subsection.87}{\376\377\000S\000u\000b\000s\000e\000c\000t\000i\000o\000n\000\040\0002}{section.85}% 58
\BOOKMARK [1][-]{section.88}{\376\377\000R\000e\000s\000e\000a\000r\000c\000h\000\040\000P\000l\000a\000n}{chapter.84}% 59
\BOOKMARK [2][-]{subsection.89}{\376\377\000F\000r\000a\000m\000e\000w\000o\000r\000k\000\040\000f\000o\000r\000\040\000E\000x\000p\000e\000r\000i\000m\000e\000n\000t\000s\000\040\000i\000n\000\040\000S\000i\000m\000u\000l\000a\000t\000i\000o\000n}{section.88}% 60
\BOOKMARK [2][-]{subsection.90}{\376\377\000F\000r\000a\000m\000e\000w\000o\000r\000k\000\040\000f\000o\000r\000\040\000E\000x\000p\000e\000r\000i\000m\000e\000n\000t\000s\000\040\000i\000n\000\040\000R\000e\000a\000l\000\040\000W\000o\000r\000l\000d}{section.88}% 61
\BOOKMARK [2][-]{subsection.91}{\376\377\000P\000e\000r\000c\000e\000p\000t\000i\000o\000n\000\040\000a\000n\000d\000\040\000P\000l\000a\000n\000n\000i\000n\000g\000\040\000A\000l\000g\000o\000r\000i\000t\000h\000m}{section.88}% 62
\BOOKMARK [1][-]{section.92}{\376\377\000M\000e\000t\000h\000o\000d\000o\000l\000o\000g\000y\000\040\000a\000n\000d\000\040\000E\000l\000a\000b\000o\000r\000a\000t\000i\000o\000n}{chapter.84}% 63
\BOOKMARK [1][-]{section.93}{\376\377\000S\000o\000l\000u\000t\000i\000o\000n\000s}{chapter.84}% 64
\BOOKMARK [1][-]{section.94}{\376\377\000S\000c\000h\000e\000d\000u\000l\000e\000\040\000o\000f\000\040\000T\000h\000e\000s\000i\000s\000\040\000W\000r\000i\000t\000i\000n\000g\000\040\000a\000n\000d\000\040\000P\000r\000o\000p\000o\000s\000e\000d\000\040\000D\000a\000t\000e\000\040\000o\000f\000\040\000D\000e\000f\000e\000n\000s\000e}{chapter.84}% 65
\BOOKMARK [0][-]{appendix.95}{\376\377\000F\000r\000e\000q\000u\000e\000n\000t\000l\000y\000\040\000A\000s\000k\000e\000d\000\040\000Q\000u\000e\000s\000t\000i\000o\000n\000s}{}% 66
\BOOKMARK [1][-]{section.96}{\376\377\000H\000o\000w\000\040\000d\000o\000\040\000I\000\040\000c\000h\000a\000n\000g\000e\000\040\000t\000h\000e\000\040\000c\000o\000l\000o\000r\000s\000\040\000o\000f\000\040\000l\000i\000n\000k\000s\000?}{appendix.95}% 67
\BOOKMARK [0][-]{appendix*.97}{\376\377\000B\000i\000b\000l\000i\000o\000g\000r\000a\000p\000h\000y}{}% 68
