This is pdfTeX, Version 3.14159265-2.6-1.40.18 (TeX Live 2017/Debian) (preloaded format=pdflatex 2019.9.2)  2 SEP 2019 17:01
entering extended mode
 restricted \write18 enabled.
 file:line:error style messages enabled.
 %&-line parsing enabled.
**/home/anjin/catkin_ws/src/deepdrone/thuthesis/main.tex
(/home/anjin/catkin_ws/src/deepdrone/thuthesis/main.tex
LaTeX2e <2017-04-15>
Babel <3.18> and hyphenation patterns for 84 language(s) loaded.
(/home/anjin/catkin_ws/src/deepdrone/thuthesis/thuthesis.cls
Document Class: thuthesis 2019/04/27 5.5.2 Tsinghua University Thesis Template
(/usr/share/texlive/texmf-dist/tex/generic/ifxetex/ifxetex.sty
Package: ifxetex 2010/09/12 v0.6 Provides ifxetex conditional
)

/home/anjin/catkin_ws/src/deepdrone/thuthesis/thuthesis.cls:29: Class thuthesis Error: You should use XeLaTeX.

See the thuthesis class documentation for explanation.
Type  H <return>  for immediate help.
 ...                                              
                                                  
l.29 ...Error{thuthesis}{You should use XeLaTeX}{}
                                                  
This error message was generated by an \errmessage
command, so I can't give any explicit help.
Pretend that you're Hercule Poirot: Examine all clues,
and deduce the truth by order and method.

(/home/anjin/catkin_ws/src/deepdrone/thuthesis/main.aux) ) )
(\end occurred when \iffalse on line 28 was incomplete) 
Here is how much of TeX's memory you used:
 28 strings out of 492982
 881 string characters out of 6134897
 53914 words of memory out of 5000000
 3683 multiletter control sequences out of 15000+600000
 3640 words of font info for 14 fonts, out of 8000000 for 9000
 1141 hyphenation exceptions out of 8191
 19i,1n,10p,182b,14s stack positions out of 5000i,500n,10000p,200000b,80000s

No pages of output.
PDF statistics:
 0 PDF objects out of 1000 (max. 8388607)
 0 named destinations out of 1000 (max. 500000)
 1 words of extra memory for PDF output out of 10000 (max. 10000000)

